C51 COMPILER V9.60.0.0   LED                                                               12/04/2022 18:00:20 PAGE 1   


C51 COMPILER V9.60.0.0, COMPILATION OF MODULE LED
OBJECT MODULE PLACED IN .\Objects\LED.obj
COMPILER INVOKED BY: C:\Keil_v5\C51\BIN\C51.EXE LED.c OPTIMIZE(8,SPEED) BROWSE DEBUG OBJECTEXTEND PRINT(.\Listings\LED.l
                    -st) TABS(2) OBJECT(.\Objects\LED.obj)

line level    source

   1          #include<reg51.h>
   2          sbit LED1 = P2^2;
   3          sbit LED2 = P2^5;
   4          sbit LED3 = P2^6;
   5          
   6          
   7          void delay()
   8          {
   9   1        int i;
  10   1        int j;
  11   1        
  12   1        for(i=0;i<10;i++)
  13   1        {
  14   2          for(j=0;j<10000;j++)
  15   2          {
  16   3          }
  17   2        }
  18   1      }
  19          
  20          void main()
  21          {
  22   1        while(1)
  23   1        {
  24   2          LED1 = 0;
  25   2          LED2 = 0;
  26   2          LED3 = 0;
  27   2          delay();
  28   2          LED1 = 1;
  29   2          LED2 = 1;
  30   2          LED3 = 1;
  31   2          delay();
  32   2        }
  33   1      }


MODULE INFORMATION:   STATIC OVERLAYABLE
   CODE SIZE        =     49    ----
   CONSTANT SIZE    =   ----    ----
   XDATA SIZE       =   ----    ----
   PDATA SIZE       =   ----    ----
   DATA SIZE        =   ----    ----
   IDATA SIZE       =   ----    ----
   BIT SIZE         =   ----    ----
END OF MODULE INFORMATION.


C51 COMPILATION COMPLETE.  0 WARNING(S),  0 ERROR(S)
