C51 COMPILER V9.60.0.0   SERIAL                                                            12/04/2022 19:22:06 PAGE 1   


C51 COMPILER V9.60.0.0, COMPILATION OF MODULE SERIAL
OBJECT MODULE PLACED IN .\Objects\serial.obj
COMPILER INVOKED BY: C:\Keil_v5\C51\BIN\C51.EXE serial.c OPTIMIZE(8,SPEED) BROWSE DEBUG OBJECTEXTEND PRINT(.\Listings\se
                    -rial.lst) TABS(2) OBJECT(.\Objects\serial.obj)

line level    source

   1          #include<reg51.h>
   2          void print()
   3          {
   4   1        
   5   1      }
   6          void main()
   7          {
   8   1        while(TI == 0)
   9   1        {
  10   2          TI = 0;
  11   2        
  12   2        TMOD = 0x20;
  13   2        TH1 = 0xFD;
  14   2        SCON = 0x50;
  15   2        TR1 = 1;
  16   2        SBUF = 'M';
  17   2        }
  18   1        //print();
  19   1        
  20   1      }


MODULE INFORMATION:   STATIC OVERLAYABLE
   CODE SIZE        =     23    ----
   CONSTANT SIZE    =   ----    ----
   XDATA SIZE       =   ----    ----
   PDATA SIZE       =   ----    ----
   DATA SIZE        =   ----    ----
   IDATA SIZE       =   ----    ----
   BIT SIZE         =   ----    ----
END OF MODULE INFORMATION.


C51 COMPILATION COMPLETE.  0 WARNING(S),  0 ERROR(S)
